<?xml version="1.0" encoding="UTF-8"?>
<testsuite xmlns:xsi="http://www.w3.org/2001/XMLSchema-instance" xsi:noNamespaceSchemaLocation="https://maven.apache.org/surefire/maven-surefire-plugin/xsd/surefire-test-report-3.0.xsd" version="3.0" name="br.com.biblioteca.domain.user.UserServiceTest" time="0.116" tests="10" errors="0" skipped="0" failures="0">
  <properties>
[...]
</properties>
  <testcase name="createUser_whenUserIsValid_thenCreateSuccessfully" classname="br.com.biblioteca.domain.user.UserServiceTest" time="0.097"/>
  <testcase name="updateUser_whenDataIsValid_thenUpdateSuccessfully" classname="br.com.biblioteca.domain.user.UserServiceTest" time="0.003"/>
  <testcase name="searchUsers_whenCalled_thenReturnUsers" classname="br.com.biblioteca.domain.user.UserServiceTest" time="0.003"/>
  <testcase name="updateUser_whenEmailExists_thenThrowDuplicateEmail" classname="br.com.biblioteca.domain.user.UserServiceTest" time="0.002"/>
  <testcase name="updateUser_whenEmailCpfNotChanged_thenUpdateSuccessfully" classname="br.com.biblioteca.domain.user.UserServiceTest" time="0.002"/>
  <testcase name="findById_whenUserExists_thenReturnUser" classname="br.com.biblioteca.domain.user.UserServiceTest" time="0.001"/>
  <testcase name="updateUser_whenCpfExists_thenThrowDuplicateUser" classname="br.com.biblioteca.domain.user.UserServiceTest" time="0.001"/>
  <testcase name="createUser_whenEmailExists_thenThrowDuplicateEmail" classname="br.com.biblioteca.domain.user.UserServiceTest" time="0.002"/>
  <testcase name="findById_whenUserNotExists_thenThrowUserNotFound" classname="br.com.biblioteca.domain.user.UserServiceTest" time="0.001"/>
  <testcase name="disableUser_whenCalled_thenDisableUser" classname="br.com.biblioteca.domain.user.UserServiceTest" time="0.001"/>
</testsuite>